<?xml version="1.0" encoding="UTF-8" ?>
<testsuite tests="5" failures="0" name="BMITest" time="0.001" errors="0" skipped="0">
  <properties>
    <property name="java.runtime.name" value="OpenJDK Runtime Environment"/>
    <property name="sun.boot.library.path" value="/Users/dangdt/Library/Java/JavaVirtualMachines/corretto-1.8.0_352/Contents/Home/jre/lib"/>
    <property name="java.vm.version" value="25.352-b08"/>
    <property name="gopherProxySet" value="false"/>
    <property name="java.vm.vendor" value="Amazon.com Inc."/>
    <property name="maven.multiModuleProjectDirectory" value="/Users/dangdt/Documents/it/java/demo-ekstazi"/>
    <property name="java.vendor.url" value="https://aws.amazon.com/corretto/"/>
    <property name="path.separator" value=":"/>
    <property name="guice.disable.misplaced.annotation.check" value="true"/>
    <property name="java.vm.name" value="OpenJDK 64-Bit Server VM"/>
    <property name="file.encoding.pkg" value="sun.io"/>
    <property name="user.country" value="VN"/>
    <property name="sun.java.launcher" value="SUN_STANDARD"/>
    <property name="sun.os.patch.level" value="unknown"/>
    <property name="java.vm.specification.name" value="Java Virtual Machine Specification"/>
    <property name="user.dir" value="/Users/dangdt/Documents/it/java/demo-ekstazi"/>
    <property name="java.runtime.version" value="1.8.0_352-b08"/>
    <property name="java.awt.graphicsenv" value="sun.awt.CGraphicsEnvironment"/>
    <property name="java.endorsed.dirs" value="/Users/dangdt/Library/Java/JavaVirtualMachines/corretto-1.8.0_352/Contents/Home/jre/lib/endorsed"/>
    <property name="os.arch" value="aarch64"/>
    <property name="ekstazi.argline.internal" value="force.all=false,force.failing=false,root.dir=/Users/dangdt/Documents/it/java/demo-ekstazi/.ekstazi"/>
    <property name="java.io.tmpdir" value="/var/folders/rm/6wlb5gsx3t1g92m20w0gsmnc0000gn/T/"/>
    <property name="line.separator" value="
"/>
    <property name="java.vm.specification.vendor" value="Oracle Corporation"/>
    <property name="os.name" value="Mac OS X"/>
    <property name="classworlds.conf" value="/opt/homebrew/Cellar/maven/3.8.7/libexec/bin/m2.conf"/>
    <property name="sun.jnu.encoding" value="UTF-8"/>
    <property name="ekstazi.excludes.internal" value="[]"/>
    <property name="java.library.path" value="/Users/dangdt/Library/Java/Extensions:/Library/Java/Extensions:/Network/Library/Java/Extensions:/System/Library/Java/Extensions:/usr/lib/java:."/>
    <property name="maven.conf" value="/opt/homebrew/Cellar/maven/3.8.7/libexec/conf"/>
    <property name="java.specification.name" value="Java Platform API Specification"/>
    <property name="java.class.version" value="52.0"/>
    <property name="sun.management.compiler" value="HotSpot 64-Bit Tiered Compilers"/>
    <property name="os.version" value="13.0.1"/>
    <property name="http.nonProxyHosts" value="local|*.local|169.254/16|*.169.254/16"/>
    <property name="library.jansi.path" value="/opt/homebrew/Cellar/maven/3.8.7/libexec/lib/jansi-native"/>
    <property name="user.home" value="/Users/dangdt"/>
    <property name="user.timezone" value="Asia/Ho_Chi_Minh"/>
    <property name="java.awt.printerjob" value="sun.lwawt.macosx.CPrinterJob"/>
    <property name="java.specification.version" value="1.8"/>
    <property name="file.encoding" value="UTF-8"/>
    <property name="user.name" value="dangdt"/>
    <property name="java.class.path" value="/opt/homebrew/Cellar/maven/3.8.7/libexec/boot/plexus-classworlds-2.6.0.jar"/>
    <property name="java.vm.specification.version" value="1.8"/>
    <property name="sun.arch.data.model" value="64"/>
    <property name="java.home" value="/Users/dangdt/Library/Java/JavaVirtualMachines/corretto-1.8.0_352/Contents/Home/jre"/>
    <property name="sun.java.command" value="org.codehaus.plexus.classworlds.launcher.Launcher test"/>
    <property name="java.specification.vendor" value="Oracle Corporation"/>
    <property name="user.language" value="en"/>
    <property name="awt.toolkit" value="sun.lwawt.macosx.LWCToolkit"/>
    <property name="java.vm.info" value="mixed mode"/>
    <property name="java.version" value="1.8.0_352"/>
    <property name="java.ext.dirs" value="/Users/dangdt/Library/Java/Extensions:/Users/dangdt/Library/Java/JavaVirtualMachines/corretto-1.8.0_352/Contents/Home/jre/lib/ext:/Library/Java/Extensions:/Network/Library/Java/Extensions:/System/Library/Java/Extensions:/usr/lib/java"/>
    <property name="sun.boot.class.path" value="/Users/dangdt/Library/Java/JavaVirtualMachines/corretto-1.8.0_352/Contents/Home/jre/lib/resources.jar:/Users/dangdt/Library/Java/JavaVirtualMachines/corretto-1.8.0_352/Contents/Home/jre/lib/rt.jar:/Users/dangdt/Library/Java/JavaVirtualMachines/corretto-1.8.0_352/Contents/Home/jre/lib/sunrsasign.jar:/Users/dangdt/Library/Java/JavaVirtualMachines/corretto-1.8.0_352/Contents/Home/jre/lib/jsse.jar:/Users/dangdt/Library/Java/JavaVirtualMachines/corretto-1.8.0_352/Contents/Home/jre/lib/jce.jar:/Users/dangdt/Library/Java/JavaVirtualMachines/corretto-1.8.0_352/Contents/Home/jre/lib/charsets.jar:/Users/dangdt/Library/Java/JavaVirtualMachines/corretto-1.8.0_352/Contents/Home/jre/lib/jfr.jar:/Users/dangdt/Library/Java/JavaVirtualMachines/corretto-1.8.0_352/Contents/Home/jre/classes"/>
    <property name="java.vendor" value="Amazon.com Inc."/>
    <property name="java.specification.maintenance.version" value="4"/>
    <property name="maven.home" value="/opt/homebrew/Cellar/maven/3.8.7/libexec"/>
    <property name="file.separator" value="/"/>
    <property name="java.vendor.url.bug" value="https://github.com/corretto/corretto-8/issues/"/>
    <property name="sun.cpu.endian" value="little"/>
    <property name="sun.io.unicode.encoding" value="UnicodeBig"/>
    <property name="socksNonProxyHosts" value="local|*.local|169.254/16|*.169.254/16"/>
    <property name="ftp.nonProxyHosts" value="local|*.local|169.254/16|*.169.254/16"/>
    <property name="sun.cpu.isalist" value=""/>
  </properties>
  <testcase classname="BMITest" name="testCalculateBMI1" time="0.001"/>
  <testcase classname="BMITest" name="testCalculateBMI2" time="0"/>
  <testcase classname="BMITest" name="testCalculateBMI3" time="0"/>
  <testcase classname="BMITest" name="testCalculateBMI4" time="0"/>
  <testcase classname="BMITest" name="testCalculateBMI5" time="0"/>
</testsuite>